[05.11.2023 14:13:21] WARNING: Not Found: /static/img/3PNG.png
[05.11.2023 14:13:21] WARNING: Not Found: /static/css/index.css
[05.11.2023 14:13:21] WARNING: Not Found: /static/img/PNG1.png
[05.11.2023 14:13:21] WARNING: Not Found: /static/img/PNG2.png
[05.11.2023 14:13:21] WARNING: Not Found: /static/img/2PNG.png
[05.11.2023 14:13:21] WARNING: Not Found: /static/img/1PNG.png
[05.11.2023 14:13:21] WARNING: Not Found: /static/img/4PNG1.png
[05.11.2023 14:13:21] WARNING: Not Found: /static/img/PNG3.png
[05.11.2023 14:13:28] WARNING: Not Found: /static/css/workers.css
[05.11.2023 14:13:31] WARNING: Not Found: /static/css/requisites.css
[05.11.2023 14:13:33] WARNING: Not Found: /static/css/index.css
[05.11.2023 14:13:33] WARNING: Not Found: /static/img/3PNG.png
[05.11.2023 14:13:33] WARNING: Not Found: /static/img/PNG1.png
[05.11.2023 14:13:33] WARNING: Not Found: /static/img/PNG2.png
[05.11.2023 14:13:33] WARNING: Not Found: /static/img/2PNG.png
[05.11.2023 14:13:33] WARNING: Not Found: /static/img/1PNG.png
[05.11.2023 14:13:33] WARNING: Not Found: /static/img/4PNG1.png
[05.11.2023 14:13:33] WARNING: Not Found: /static/img/PNG3.png
[05.11.2023 14:13:54] WARNING: Not Found: /static/css/index.css
[05.11.2023 14:13:54] WARNING: Not Found: /static/img/3PNG.png
[05.11.2023 14:13:54] WARNING: Not Found: /static/img/PNG1.png
[05.11.2023 14:13:54] WARNING: Not Found: /static/img/PNG2.png
[05.11.2023 14:13:54] WARNING: Not Found: /static/img/2PNG.png
[05.11.2023 14:13:54] WARNING: Not Found: /static/img/1PNG.png
[05.11.2023 14:13:54] WARNING: Not Found: /static/img/4PNG1.png
[05.11.2023 14:13:54] WARNING: Not Found: /static/img/PNG3.png
[05.11.2023 14:13:58] WARNING: Not Found: /static/css/workers.css
[05.11.2023 14:14:14] WARNING: Not Found: /static/css/main.css
[05.11.2023 14:14:14] WARNING: Not Found: /static/css/index.css
[05.11.2023 14:14:14] WARNING: Not Found: /static/js/jquery.js
[05.11.2023 14:14:14] WARNING: Not Found: /static/js/main.js
[05.11.2023 14:14:15] WARNING: Not Found: /static/img/PNG3.png
[05.11.2023 14:14:15] WARNING: Not Found: /static/img/no_image.png
[05.11.2023 14:14:15] WARNING: Not Found: /static/img/wa.png
[05.11.2023 14:14:15] WARNING: Not Found: /static/img/Logocopy3.png
[05.11.2023 14:14:15] WARNING: Not Found: /static/img/PNG2.png
[05.11.2023 14:14:15] WARNING: Not Found: /static/img/Logocopy.png
[05.11.2023 14:14:15] WARNING: Not Found: /static/img/phone.png
[05.11.2023 14:14:15] WARNING: Not Found: /static/img/3PNG.png
[05.11.2023 14:14:15] WARNING: Not Found: /static/img/tg.png
[05.11.2023 14:14:15] WARNING: Not Found: /static/img/PNG1.png
[05.11.2023 14:14:15] WARNING: Not Found: /static/img/2PNG.png
[05.11.2023 14:14:15] WARNING: Not Found: /static/img/1PNG.png
[05.11.2023 14:14:15] WARNING: Not Found: /static/img/4PNG1.png
[05.11.2023 14:14:15] WARNING: Not Found: /favicon.ico
[05.11.2023 14:14:18] WARNING: Not Found: /static/css/main.css
[05.11.2023 14:14:18] WARNING: Not Found: /static/css/index.css
[05.11.2023 14:14:18] WARNING: Not Found: /static/js/jquery.js
[05.11.2023 14:14:18] WARNING: Not Found: /static/js/main.js
[05.11.2023 14:14:18] WARNING: Not Found: /static/img/2PNG.png
[05.11.2023 14:14:18] WARNING: Not Found: /static/img/3PNG.png
[05.11.2023 14:14:18] WARNING: Not Found: /static/img/PNG1.png
[05.11.2023 14:14:18] WARNING: Not Found: /static/img/PNG2.png
[05.11.2023 14:14:18] WARNING: Not Found: /static/img/1PNG.png
[05.11.2023 14:14:18] WARNING: Not Found: /static/img/4PNG1.png
[05.11.2023 14:14:18] WARNING: Not Found: /static/img/PNG3.png
[05.11.2023 14:14:18] WARNING: Not Found: /static/img/no_image.png
[05.11.2023 14:14:18] WARNING: Not Found: /static/img/Logocopy3.png
[05.11.2023 14:14:18] WARNING: Not Found: /static/img/phone.png
[05.11.2023 14:14:18] WARNING: Not Found: /static/img/Logocopy.png
[05.11.2023 14:14:18] WARNING: Not Found: /static/img/tg.png
[05.11.2023 14:14:18] WARNING: Not Found: /static/img/wa.png
[05.11.2023 14:14:18] WARNING: Not Found: /favicon.ico
[05.11.2023 14:17:35] WARNING: Not Found: /static/css/main.css
[05.11.2023 14:17:35] WARNING: Not Found: /static/css/index.css
[05.11.2023 14:17:35] WARNING: Not Found: /static/js/main.js
[05.11.2023 14:17:35] WARNING: Not Found: /static/js/jquery.js
[05.11.2023 14:17:36] WARNING: Not Found: /static/img/wa.png
[05.11.2023 14:17:36] WARNING: Not Found: /static/img/phone.png
[05.11.2023 14:17:36] WARNING: Not Found: /static/img/Logocopy.png
[05.11.2023 14:17:36] WARNING: Not Found: /static/img/4PNG1.png
[05.11.2023 14:17:36] WARNING: Not Found: /static/img/1PNG.png
[05.11.2023 14:17:36] WARNING: Not Found: /static/img/2PNG.png
[05.11.2023 14:17:36] WARNING: Not Found: /static/img/PNG2.png
[05.11.2023 14:17:36] WARNING: Not Found: /static/img/PNG1.png
[05.11.2023 14:17:36] WARNING: Not Found: /static/img/tg.png
[05.11.2023 14:17:36] WARNING: Not Found: /static/img/3PNG.png
[05.11.2023 14:17:36] WARNING: Not Found: /static/img/Logocopy3.png
[05.11.2023 14:17:36] WARNING: Not Found: /static/img/no_image.png
[05.11.2023 14:17:36] WARNING: Not Found: /static/img/PNG3.png
[05.11.2023 14:17:36] WARNING: Not Found: /favicon.ico
[05.11.2023 14:17:37] WARNING: Not Found: /static/css/main.css
[05.11.2023 14:17:37] WARNING: Not Found: /static/css/index.css
[05.11.2023 14:17:37] WARNING: Not Found: /static/js/main.js
[05.11.2023 14:17:37] WARNING: Not Found: /static/js/jquery.js
[05.11.2023 14:17:37] WARNING: Not Found: /static/img/PNG1.png
[05.11.2023 14:17:37] WARNING: Not Found: /static/img/2PNG.png
[05.11.2023 14:17:37] WARNING: Not Found: /static/img/3PNG.png
[05.11.2023 14:17:37] WARNING: Not Found: /static/img/PNG2.png
[05.11.2023 14:17:37] WARNING: Not Found: /static/img/1PNG.png
[05.11.2023 14:17:37] WARNING: Not Found: /static/img/4PNG1.png
[05.11.2023 14:17:37] WARNING: Not Found: /static/img/PNG3.png
[05.11.2023 14:17:37] WARNING: Not Found: /static/img/no_image.png
[05.11.2023 14:17:37] WARNING: Not Found: /static/img/Logocopy3.png
[05.11.2023 14:17:37] WARNING: Not Found: /static/img/phone.png
[05.11.2023 14:17:37] WARNING: Not Found: /static/img/tg.png
[05.11.2023 14:17:37] WARNING: Not Found: /static/img/wa.png
[05.11.2023 14:17:37] WARNING: Not Found: /static/img/Logocopy.png
[05.11.2023 14:17:37] WARNING: Not Found: /favicon.ico
[05.11.2023 14:17:39] WARNING: Not Found: /static/css/main.css
[05.11.2023 14:17:39] WARNING: Not Found: /static/css/index.css
[05.11.2023 14:17:39] WARNING: Not Found: /static/js/main.js
[05.11.2023 14:17:39] WARNING: Not Found: /static/js/jquery.js
[05.11.2023 14:17:39] WARNING: Not Found: /static/img/2PNG.png
[05.11.2023 14:17:39] WARNING: Not Found: /static/img/3PNG.png
[05.11.2023 14:17:39] WARNING: Not Found: /static/img/PNG2.png
[05.11.2023 14:17:39] WARNING: Not Found: /static/img/PNG1.png
[05.11.2023 14:17:39] WARNING: Not Found: /static/img/1PNG.png
[05.11.2023 14:17:39] WARNING: Not Found: /static/img/4PNG1.png
[05.11.2023 14:17:39] WARNING: Not Found: /static/img/PNG3.png
[05.11.2023 14:17:39] WARNING: Not Found: /static/img/no_image.png
[05.11.2023 14:17:39] WARNING: Not Found: /static/img/Logocopy3.png
[05.11.2023 14:17:39] WARNING: Not Found: /static/img/phone.png
[05.11.2023 14:17:39] WARNING: Not Found: /static/img/Logocopy.png
[05.11.2023 14:17:39] WARNING: Not Found: /static/img/tg.png
[05.11.2023 14:17:39] WARNING: Not Found: /static/img/wa.png
[05.11.2023 14:17:39] WARNING: Not Found: /favicon.ico
[05.11.2023 14:18:05] WARNING: Not Found: /static/css/main.css
[05.11.2023 14:18:05] WARNING: Not Found: /static/js/jquery.js
[05.11.2023 14:18:05] WARNING: Not Found: /static/js/main.js
[05.11.2023 14:18:05] WARNING: Not Found: /static/css/index.css
[05.11.2023 14:18:05] WARNING: Not Found: /static/img/4PNG1.png
[05.11.2023 14:18:05] WARNING: Not Found: /static/img/phone.png
[05.11.2023 14:18:05] WARNING: Not Found: /static/img/wa.png
[05.11.2023 14:18:05] WARNING: Not Found: /static/img/Logocopy3.png
[05.11.2023 14:18:05] WARNING: Not Found: /static/img/no_image.png
[05.11.2023 14:18:05] WARNING: Not Found: /static/img/2PNG.png
[05.11.2023 14:18:05] WARNING: Not Found: /static/img/3PNG.png
[05.11.2023 14:18:05] WARNING: Not Found: /static/img/PNG1.png
[05.11.2023 14:18:05] WARNING: Not Found: /static/img/tg.png
[05.11.2023 14:18:05] WARNING: Not Found: /static/img/PNG3.png
[05.11.2023 14:18:05] WARNING: Not Found: /static/img/1PNG.png
[05.11.2023 14:18:05] WARNING: Not Found: /static/img/Logocopy.png
[05.11.2023 14:18:05] WARNING: Not Found: /static/img/PNG2.png
[05.11.2023 14:18:05] WARNING: Not Found: /favicon.ico
[05.11.2023 14:18:06] WARNING: Not Found: /static/css/main.css
[05.11.2023 14:18:06] WARNING: Not Found: /static/css/index.css
[05.11.2023 14:18:06] WARNING: Not Found: /static/js/jquery.js
[05.11.2023 14:18:06] WARNING: Not Found: /static/js/main.js
[05.11.2023 14:18:06] WARNING: Not Found: /static/img/2PNG.png
[05.11.2023 14:18:06] WARNING: Not Found: /static/img/3PNG.png
[05.11.2023 14:18:06] WARNING: Not Found: /static/img/PNG1.png
[05.11.2023 14:18:06] WARNING: Not Found: /static/img/PNG2.png
[05.11.2023 14:18:06] WARNING: Not Found: /static/img/1PNG.png
[05.11.2023 14:18:06] WARNING: Not Found: /static/img/4PNG1.png
[05.11.2023 14:18:06] WARNING: Not Found: /static/img/PNG3.png
[05.11.2023 14:18:07] WARNING: Not Found: /static/img/no_image.png
[05.11.2023 14:18:07] WARNING: Not Found: /static/img/Logocopy3.png
[05.11.2023 14:18:07] WARNING: Not Found: /static/img/phone.png
[05.11.2023 14:18:07] WARNING: Not Found: /static/img/Logocopy.png
[05.11.2023 14:18:07] WARNING: Not Found: /static/img/tg.png
[05.11.2023 14:18:07] WARNING: Not Found: /static/img/wa.png
[05.11.2023 14:18:07] WARNING: Not Found: /favicon.ico
[05.11.2023 14:18:09] WARNING: Not Found: /static/css/main.css
[05.11.2023 14:18:09] WARNING: Not Found: /static/css/index.css
[05.11.2023 14:18:09] WARNING: Not Found: /static/js/jquery.js
[05.11.2023 14:18:09] WARNING: Not Found: /static/js/main.js
[05.11.2023 14:18:09] WARNING: Not Found: /static/img/2PNG.png
[05.11.2023 14:18:09] WARNING: Not Found: /static/img/PNG1.png
[05.11.2023 14:18:09] WARNING: Not Found: /static/img/PNG2.png
[05.11.2023 14:18:09] WARNING: Not Found: /static/img/3PNG.png
[05.11.2023 14:18:09] WARNING: Not Found: /static/img/1PNG.png
[05.11.2023 14:18:09] WARNING: Not Found: /static/img/4PNG1.png
[05.11.2023 14:18:09] WARNING: Not Found: /static/img/PNG3.png
[05.11.2023 14:18:09] WARNING: Not Found: /static/img/no_image.png
[05.11.2023 14:18:09] WARNING: Not Found: /static/img/Logocopy3.png
[05.11.2023 14:18:09] WARNING: Not Found: /static/img/Logocopy.png
[05.11.2023 14:18:09] WARNING: Not Found: /static/img/tg.png
[05.11.2023 14:18:09] WARNING: Not Found: /static/img/phone.png
[05.11.2023 14:18:09] WARNING: Not Found: /static/img/wa.png
[05.11.2023 14:18:09] WARNING: Not Found: /favicon.ico
[05.11.2023 14:18:14] WARNING: Not Found: /static/css/main.css
[05.11.2023 14:18:14] WARNING: Not Found: /static/css/index.css
[05.11.2023 14:18:14] WARNING: Not Found: /static/js/jquery.js
[05.11.2023 14:18:14] WARNING: Not Found: /static/js/main.js
[05.11.2023 14:18:14] WARNING: Not Found: /static/img/2PNG.png
[05.11.2023 14:18:14] WARNING: Not Found: /static/img/3PNG.png
[05.11.2023 14:18:14] WARNING: Not Found: /static/img/PNG2.png
[05.11.2023 14:18:14] WARNING: Not Found: /static/img/1PNG.png
[05.11.2023 14:18:14] WARNING: Not Found: /static/img/PNG1.png
[05.11.2023 14:18:14] WARNING: Not Found: /static/img/4PNG1.png
[05.11.2023 14:18:14] WARNING: Not Found: /static/img/PNG3.png
[05.11.2023 14:18:14] WARNING: Not Found: /static/img/no_image.png
[05.11.2023 14:18:14] WARNING: Not Found: /static/img/Logocopy3.png
[05.11.2023 14:18:14] WARNING: Not Found: /static/img/Logocopy.png
[05.11.2023 14:18:14] WARNING: Not Found: /static/img/phone.png
[05.11.2023 14:18:14] WARNING: Not Found: /static/img/tg.png
[05.11.2023 14:18:14] WARNING: Not Found: /static/img/wa.png
[05.11.2023 14:18:14] WARNING: Not Found: /favicon.ico
[05.11.2023 14:18:18] WARNING: Not Found: /static/css/main.css
[05.11.2023 14:18:18] WARNING: Not Found: /static/css/catalog.css
[05.11.2023 14:18:18] WARNING: Not Found: /static/js/main.js
[05.11.2023 14:18:18] WARNING: Not Found: /static/js/jquery.js
[05.11.2023 14:18:18] WARNING: Not Found: /static/img/phone.png
[05.11.2023 14:18:18] WARNING: Not Found: /static/img/tg.png
[05.11.2023 14:18:18] WARNING: Not Found: /static/img/Logocopy.png
[05.11.2023 14:18:18] WARNING: Not Found: /static/img/wa.png
[05.11.2023 14:18:18] WARNING: Not Found: /static/img/no_image.png
[05.11.2023 14:18:18] WARNING: Not Found: /static/img/Logocopy3.png
[05.11.2023 14:18:18] WARNING: Not Found: /favicon.ico
[05.11.2023 14:41:12] WARNING: Not Found: /static/css/main.css
[05.11.2023 14:41:12] WARNING: Not Found: /static/css/catalog.css
[05.11.2023 14:41:12] WARNING: Not Found: /static/js/jquery.js
[05.11.2023 14:41:12] WARNING: Not Found: /static/js/main.js
[05.11.2023 14:41:12] WARNING: Not Found: /static/img/Logocopy.png
[05.11.2023 14:41:12] WARNING: Not Found: /static/img/Logocopy3.png
[05.11.2023 14:41:12] WARNING: Not Found: /static/img/no_image.png
[05.11.2023 14:41:12] WARNING: Not Found: /static/img/wa.png
[05.11.2023 14:41:12] WARNING: Not Found: /static/img/tg.png
[05.11.2023 14:41:12] WARNING: Not Found: /static/img/phone.png
[05.11.2023 14:41:12] WARNING: Not Found: /favicon.ico
[05.11.2023 14:41:15] WARNING: Not Found: /static/css/main.css
[05.11.2023 14:41:15] WARNING: Not Found: /static/css/requisites.css
[05.11.2023 14:41:15] WARNING: Not Found: /static/js/main.js
[05.11.2023 14:41:15] WARNING: Not Found: /static/js/jquery.js
[05.11.2023 14:41:15] WARNING: Not Found: /static/img/Logocopy.png
[05.11.2023 14:41:15] WARNING: Not Found: /static/img/phone.png
[05.11.2023 14:41:15] WARNING: Not Found: /static/img/tg.png
[05.11.2023 14:41:15] WARNING: Not Found: /static/img/wa.png
[05.11.2023 14:41:15] WARNING: Not Found: /static/img/Logocopy3.png
[05.11.2023 14:41:15] WARNING: Not Found: /favicon.ico
[05.11.2023 14:47:46] WARNING: Not Found: /static/css/main.css
[05.11.2023 14:47:46] WARNING: Not Found: /static/js/main.js
[05.11.2023 14:47:46] WARNING: Not Found: /static/css/requisites.css
[05.11.2023 14:47:46] WARNING: Not Found: /static/js/jquery.js
[05.11.2023 14:47:46] WARNING: Not Found: /static/img/Logocopy.png
[05.11.2023 14:47:46] WARNING: Not Found: /static/img/phone.png
[05.11.2023 14:47:46] WARNING: Not Found: /static/img/Logocopy3.png
[05.11.2023 14:47:46] WARNING: Not Found: /static/img/tg.png
[05.11.2023 14:47:46] WARNING: Not Found: /static/img/wa.png
[05.11.2023 14:47:46] WARNING: Not Found: /favicon.ico
[05.11.2023 14:47:49] WARNING: Not Found: /static/css/requisites.css
[05.11.2023 14:47:49] WARNING: Not Found: /static/css/main.css
[05.11.2023 14:47:49] WARNING: Not Found: /static/js/jquery.js
[05.11.2023 14:47:49] WARNING: Not Found: /static/js/main.js
[05.11.2023 14:47:49] WARNING: Not Found: /static/img/Logocopy.png
[05.11.2023 14:47:49] WARNING: Not Found: /static/img/wa.png
[05.11.2023 14:47:49] WARNING: Not Found: /static/img/tg.png
[05.11.2023 14:47:49] WARNING: Not Found: /static/img/Logocopy3.png
[05.11.2023 14:47:49] WARNING: Not Found: /static/img/phone.png
[05.11.2023 14:47:49] WARNING: Not Found: /favicon.ico
[05.11.2023 14:47:52] WARNING: Not Found: /static/js/main.js
[05.11.2023 14:47:52] WARNING: Not Found: /static/css/index.css
[05.11.2023 14:47:52] WARNING: Not Found: /static/js/jquery.js
[05.11.2023 14:47:52] WARNING: Not Found: /static/css/main.css
[05.11.2023 14:47:52] WARNING: Not Found: /static/img/phone.png
[05.11.2023 14:47:52] WARNING: Not Found: /static/img/3PNG.png
[05.11.2023 14:47:52] WARNING: Not Found: /static/img/Logocopy.png
[05.11.2023 14:47:52] WARNING: Not Found: /static/img/wa.png
[05.11.2023 14:47:52] WARNING: Not Found: /static/img/tg.png
[05.11.2023 14:47:52] WARNING: Not Found: /static/img/PNG1.png
[05.11.2023 14:47:52] WARNING: Not Found: /static/img/PNG2.png
[05.11.2023 14:47:52] WARNING: Not Found: /static/img/2PNG.png
[05.11.2023 14:47:52] WARNING: Not Found: /static/img/1PNG.png
[05.11.2023 14:47:52] WARNING: Not Found: /static/img/Logocopy3.png
[05.11.2023 14:47:52] WARNING: Not Found: /static/img/PNG3.png
[05.11.2023 14:47:52] WARNING: Not Found: /static/img/no_image.png
[05.11.2023 14:47:52] WARNING: Not Found: /static/img/4PNG1.png
[05.11.2023 14:47:52] WARNING: Not Found: /favicon.ico
[05.11.2023 14:47:54] WARNING: Not Found: /static/js/jquery.js
[05.11.2023 14:47:54] WARNING: Not Found: /static/css/main.css
[05.11.2023 14:47:54] WARNING: Not Found: /static/css/index.css
[05.11.2023 14:47:54] WARNING: Not Found: /static/js/main.js
[05.11.2023 14:47:54] WARNING: Not Found: /static/img/phone.png
[05.11.2023 14:47:54] WARNING: Not Found: /static/img/3PNG.png
[05.11.2023 14:47:54] WARNING: Not Found: /static/img/Logocopy.png
[05.11.2023 14:47:54] WARNING: Not Found: /static/img/wa.png
[05.11.2023 14:47:54] WARNING: Not Found: /static/img/tg.png
[05.11.2023 14:47:54] WARNING: Not Found: /static/img/PNG1.png
[05.11.2023 14:47:54] WARNING: Not Found: /static/img/PNG2.png
[05.11.2023 14:47:54] WARNING: Not Found: /static/img/2PNG.png
[05.11.2023 14:47:54] WARNING: Not Found: /static/img/PNG3.png
[05.11.2023 14:47:54] WARNING: Not Found: /static/img/4PNG1.png
[05.11.2023 14:47:54] WARNING: Not Found: /static/img/1PNG.png
[05.11.2023 14:47:54] WARNING: Not Found: /static/img/no_image.png
[05.11.2023 14:47:54] WARNING: Not Found: /static/img/Logocopy3.png
[05.11.2023 14:47:54] WARNING: Not Found: /favicon.ico
[05.11.2023 14:48:34] WARNING: Not Found: /favicon.ico
[06.11.2023 16:21:28] WARNING: Not Found: /static/css/main.css
[06.11.2023 16:21:28] WARNING: Not Found: /static/css/index.css
[06.11.2023 16:21:28] WARNING: Not Found: /static/js/jquery.js
[06.11.2023 16:21:28] WARNING: Not Found: /static/js/main.js
[06.11.2023 16:21:28] WARNING: Not Found: /static/img/3PNG.png
[06.11.2023 16:21:28] WARNING: Not Found: /static/img/PNG1.png
[06.11.2023 16:21:28] WARNING: Not Found: /static/img/PNG2.png
[06.11.2023 16:21:28] WARNING: Not Found: /static/img/2PNG.png
[06.11.2023 16:21:28] WARNING: Not Found: /static/img/1PNG.png
[06.11.2023 16:21:28] WARNING: Not Found: /static/img/4PNG1.png
[06.11.2023 16:21:28] WARNING: Not Found: /static/img/PNG3.png
[06.11.2023 16:21:45] WARNING: Not Found: /static/css/main.css
[06.11.2023 16:21:45] WARNING: Not Found: /static/css/index.css
[06.11.2023 16:21:45] WARNING: Not Found: /static/js/main.js
[06.11.2023 16:21:45] WARNING: Not Found: /static/js/jquery.js
[06.11.2023 16:21:45] WARNING: Not Found: /static/img/3PNG.png
[06.11.2023 16:21:45] WARNING: Not Found: /static/img/Logocopy3.png
[06.11.2023 16:21:45] WARNING: Not Found: /static/img/PNG1.png
[06.11.2023 16:21:45] WARNING: Not Found: /static/img/2PNG.png
[06.11.2023 16:21:45] WARNING: Not Found: /static/img/PNG2.png
[06.11.2023 16:21:45] WARNING: Not Found: /static/img/no_image.png
[06.11.2023 16:21:45] WARNING: Not Found: /static/img/phone.png
[06.11.2023 16:21:45] WARNING: Not Found: /static/img/Logocopy.png
[06.11.2023 16:21:45] WARNING: Not Found: /static/img/wa.png
[06.11.2023 16:21:45] WARNING: Not Found: /static/img/tg.png
[06.11.2023 16:21:45] WARNING: Not Found: /static/img/1PNG.png
[06.11.2023 16:21:45] WARNING: Not Found: /static/img/4PNG1.png
[06.11.2023 16:21:45] WARNING: Not Found: /static/img/PNG3.png
[06.11.2023 16:23:25] WARNING: Not Found: /static/css/main.css
[06.11.2023 16:23:25] WARNING: Not Found: /static/css/index.css
[06.11.2023 16:23:25] WARNING: Not Found: /static/js/jquery.js
[06.11.2023 16:23:25] WARNING: Not Found: /static/js/main.js
[06.11.2023 16:23:25] WARNING: Not Found: /static/img/3PNG.png
[06.11.2023 16:23:25] WARNING: Not Found: /static/img/2PNG.png
[06.11.2023 16:23:25] WARNING: Not Found: /static/img/PNG2.png
[06.11.2023 16:23:25] WARNING: Not Found: /static/img/PNG1.png
[06.11.2023 16:23:25] WARNING: Not Found: /static/img/1PNG.png
[06.11.2023 16:23:25] WARNING: Not Found: /static/img/4PNG1.png
[06.11.2023 16:23:25] WARNING: Not Found: /static/img/PNG3.png
[06.11.2023 16:23:27] WARNING: Not Found: /static/css/main.css
[06.11.2023 16:23:27] WARNING: Not Found: /static/css/index.css
[06.11.2023 16:23:27] WARNING: Not Found: /static/js/jquery.js
[06.11.2023 16:23:27] WARNING: Not Found: /static/img/PNG1.png
[06.11.2023 16:23:27] WARNING: Not Found: /static/img/PNG2.png
[06.11.2023 16:23:27] WARNING: Not Found: /static/js/main.js
[06.11.2023 16:23:27] WARNING: Not Found: /static/img/3PNG.png
[06.11.2023 16:23:27] WARNING: Not Found: /static/css/index.css
[06.11.2023 16:23:27] WARNING: Not Found: /static/img/2PNG.png
[06.11.2023 16:23:27] WARNING: Not Found: /static/img/PNG3.png
[06.11.2023 16:23:27] WARNING: Not Found: /static/img/4PNG1.png
[06.11.2023 16:23:27] WARNING: Not Found: /static/img/1PNG.png
[06.11.2023 16:23:28] WARNING: Not Found: /static/css/main.css
[06.11.2023 16:23:28] WARNING: Not Found: /static/css/index.css
[06.11.2023 16:23:28] WARNING: Not Found: /static/js/jquery.js
[06.11.2023 16:23:28] WARNING: Not Found: /static/css/index.css
[06.11.2023 16:23:28] WARNING: Not Found: /static/img/PNG1.png
[06.11.2023 16:23:28] WARNING: Not Found: /static/js/main.js
[06.11.2023 16:23:28] WARNING: Not Found: /static/img/3PNG.png
[06.11.2023 16:23:28] WARNING: Not Found: /static/img/PNG2.png
[06.11.2023 16:23:28] WARNING: Not Found: /static/img/2PNG.png
[06.11.2023 16:23:28] WARNING: Not Found: /static/img/PNG3.png
[06.11.2023 16:23:28] WARNING: Not Found: /static/img/4PNG1.png
[06.11.2023 16:23:28] WARNING: Not Found: /static/img/1PNG.png
[06.11.2023 16:23:32] WARNING: Not Found: /static/css/main.css
[06.11.2023 16:23:32] WARNING: Not Found: /static/css/index.css
[06.11.2023 16:23:32] WARNING: Not Found: /static/js/jquery.js
[06.11.2023 16:23:32] WARNING: Not Found: /static/js/main.js
[06.11.2023 16:23:32] WARNING: Not Found: /static/img/Logocopy3.png
[06.11.2023 16:23:32] WARNING: Not Found: /static/img/1PNG.png
[06.11.2023 16:23:32] WARNING: Not Found: /static/img/no_image.png
[06.11.2023 16:23:32] WARNING: Not Found: /static/img/4PNG1.png
[06.11.2023 16:23:32] WARNING: Not Found: /static/img/2PNG.png
[06.11.2023 16:23:32] WARNING: Not Found: /static/img/wa.png
[06.11.2023 16:23:32] WARNING: Not Found: /static/img/phone.png
[06.11.2023 16:23:32] WARNING: Not Found: /static/img/Logocopy.png
[06.11.2023 16:23:32] WARNING: Not Found: /static/img/tg.png
[06.11.2023 16:23:32] WARNING: Not Found: /static/img/3PNG.png
[06.11.2023 16:23:32] WARNING: Not Found: /static/img/PNG1.png
[06.11.2023 16:23:32] WARNING: Not Found: /static/img/PNG2.png
[06.11.2023 16:23:32] WARNING: Not Found: /static/img/PNG3.png
[06.11.2023 16:23:33] WARNING: Not Found: /static/css/index.css
[06.11.2023 16:23:33] WARNING: Not Found: /static/css/main.css
[06.11.2023 16:23:33] WARNING: Not Found: /static/js/jquery.js
[06.11.2023 16:23:33] WARNING: Not Found: /static/js/main.js
[06.11.2023 16:23:33] WARNING: Not Found: /static/img/tg.png
[06.11.2023 16:23:33] WARNING: Not Found: /static/img/PNG1.png
[06.11.2023 16:23:33] WARNING: Not Found: /static/img/phone.png
[06.11.2023 16:23:33] WARNING: Not Found: /static/img/wa.png
[06.11.2023 16:23:33] WARNING: Not Found: /static/img/Logocopy.png
[06.11.2023 16:23:33] WARNING: Not Found: /static/img/3PNG.png
[06.11.2023 16:23:33] WARNING: Not Found: /static/img/PNG2.png
[06.11.2023 16:23:33] WARNING: Not Found: /static/img/2PNG.png
[06.11.2023 16:23:33] WARNING: Not Found: /static/img/4PNG1.png
[06.11.2023 16:23:33] WARNING: Not Found: /static/img/1PNG.png
[06.11.2023 16:23:33] WARNING: Not Found: /static/img/no_image.png
[06.11.2023 16:23:33] WARNING: Not Found: /static/img/Logocopy3.png
[06.11.2023 16:23:33] WARNING: Not Found: /static/img/PNG3.png
[06.11.2023 16:23:41] WARNING: Not Found: /static/js/jquery.js
[06.11.2023 16:23:41] WARNING: Not Found: /static/css/main.css
[06.11.2023 16:23:41] WARNING: Not Found: /static/css/index.css
[06.11.2023 16:23:41] WARNING: Not Found: /static/js/main.js
[06.11.2023 16:23:41] WARNING: Not Found: /static/img/phone.png
[06.11.2023 16:23:41] WARNING: Not Found: /static/img/PNG3.png
[06.11.2023 16:23:41] WARNING: Not Found: /static/img/no_image.png
[06.11.2023 16:23:41] WARNING: Not Found: /static/img/Logocopy3.png
[06.11.2023 16:23:41] WARNING: Not Found: /static/img/Logocopy.png
[06.11.2023 16:23:41] WARNING: Not Found: /static/img/tg.png
[06.11.2023 16:23:41] WARNING: Not Found: /static/img/wa.png
[06.11.2023 16:23:41] WARNING: Not Found: /static/img/PNG2.png
[06.11.2023 16:23:41] WARNING: Not Found: /static/img/PNG1.png
[06.11.2023 16:23:41] WARNING: Not Found: /static/img/4PNG1.png
[06.11.2023 16:23:41] WARNING: Not Found: /static/img/3PNG.png
[06.11.2023 16:23:41] WARNING: Not Found: /static/img/2PNG.png
[06.11.2023 16:23:41] WARNING: Not Found: /static/img/1PNG.png
